[2025-06-11 21:44:39] This is codeql database create csharp-db-v2 --language=csharp --source-root=D:\ITTP\Semester 6\PRAKTIKUM KONSTRUKSI PERANGKAT LUNAK SE-06-01 [YIS]\VS Praktikum\Tubes_Kelompok_BisaYukk_Final --command=dotnet build
[2025-06-11 21:44:39] Log file was started late.
[2025-06-11 21:44:39] [PROGRESS] database create> Initializing database at D:\ITTP\Semester 6\PRAKTIKUM KONSTRUKSI PERANGKAT LUNAK SE-06-01 [YIS]\CodeQl\csharp-db-v2.
[2025-06-11 21:44:39] Running plumbing command: codeql database init --language=csharp --extractor-options-verbosity=1 --qlconfig-file=D:\ITTP\Semester 6\PRAKTIKUM KONSTRUKSI PERANGKAT LUNAK SE-06-01 [YIS]\CodeQl\qlconfig.yml --source-root=D:\ITTP\Semester 6\PRAKTIKUM KONSTRUKSI PERANGKAT LUNAK SE-06-01 [YIS]\VS Praktikum\Tubes_Kelompok_BisaYukk_Final --allow-missing-source-root=false --allow-already-existing -- D:\ITTP\Semester 6\PRAKTIKUM KONSTRUKSI PERANGKAT LUNAK SE-06-01 [YIS]\CodeQl\csharp-db-v2
[2025-06-11 21:44:39] Calling plumbing command: codeql resolve languages --extractor-options-verbosity=1 --format=betterjson
[2025-06-11 21:44:39] [DETAILS] resolve languages> Scanning for [codeql-extractor.yml] from C:\Program Files\codeql\.codeqlmanifest.json
[2025-06-11 21:44:39] [DETAILS] resolve languages> Parsing C:\Program Files\codeql\actions\codeql-extractor.yml.
[2025-06-11 21:44:39] [DETAILS] resolve languages> Parsing C:\Program Files\codeql\cpp\codeql-extractor.yml.
[2025-06-11 21:44:39] [DETAILS] resolve languages> Parsing C:\Program Files\codeql\csharp\codeql-extractor.yml.
[2025-06-11 21:44:39] [DETAILS] resolve languages> Parsing C:\Program Files\codeql\csv\codeql-extractor.yml.
[2025-06-11 21:44:39] [DETAILS] resolve languages> Parsing C:\Program Files\codeql\go\codeql-extractor.yml.
[2025-06-11 21:44:39] [DETAILS] resolve languages> Parsing C:\Program Files\codeql\html\codeql-extractor.yml.
[2025-06-11 21:44:39] [DETAILS] resolve languages> Parsing C:\Program Files\codeql\java\codeql-extractor.yml.
[2025-06-11 21:44:39] [DETAILS] resolve languages> Parsing C:\Program Files\codeql\javascript\codeql-extractor.yml.
[2025-06-11 21:44:39] [DETAILS] resolve languages> Parsing C:\Program Files\codeql\properties\codeql-extractor.yml.
[2025-06-11 21:44:39] [DETAILS] resolve languages> Parsing C:\Program Files\codeql\python\codeql-extractor.yml.
[2025-06-11 21:44:39] [DETAILS] resolve languages> Parsing C:\Program Files\codeql\ruby\codeql-extractor.yml.
[2025-06-11 21:44:39] [DETAILS] resolve languages> Parsing C:\Program Files\codeql\swift\codeql-extractor.yml.
[2025-06-11 21:44:39] [DETAILS] resolve languages> Parsing C:\Program Files\codeql\xml\codeql-extractor.yml.
[2025-06-11 21:44:39] [DETAILS] resolve languages> Parsing C:\Program Files\codeql\yaml\codeql-extractor.yml.
[2025-06-11 21:44:39] Plumbing command codeql resolve languages completed:
                      {
                        "aliases" : {
                          "c" : "cpp",
                          "c++" : "cpp",
                          "c-c++" : "cpp",
                          "c-cpp" : "cpp",
                          "c#" : "csharp",
                          "java-kotlin" : "java",
                          "kotlin" : "java",
                          "javascript-typescript" : "javascript",
                          "typescript" : "javascript"
                        },
                        "extractors" : {
                          "actions" : [
                            {
                              "extractor_root" : "C:\\Program Files\\codeql\\actions",
                              "extractor_options" : { }
                            }
                          ],
                          "cpp" : [
                            {
                              "extractor_root" : "C:\\Program Files\\codeql\\cpp",
                              "extractor_options" : {
                                "scale_timeouts" : {
                                  "title" : "Value to scale compiler introspection timeouts with",
                                  "description" : "The extractor attempts to determine what compiler the source code being extracted is compiled with. To this end the extractor makes additional calls to the compiler, some of which are expected to return within a certain fixed time (either 10s or 15s). On some systems that are under high load this time might be too short, and can be scaled up using this option.\n",
                                  "type" : "string",
                                  "pattern" : "[0-9]+"
                                },
                                "log_verbosity" : {
                                  "title" : "Verbosity of the extractor logging",
                                  "description" : "Set the verbosity of the extractor logging to 'quiet' (0), 'normal' (1), 'chatty' (2), or 'noisy' (3). The default is 'normal'.\n",
                                  "type" : "string",
                                  "pattern" : "[0-3]"
                                }
                              }
                            }
                          ],
                          "csharp" : [
                            {
                              "extractor_root" : "C:\\Program Files\\codeql\\csharp",
                              "extractor_options" : {
                                "trap" : {
                                  "title" : "Options pertaining to TRAP.",
                                  "description" : "Options pertaining to TRAP.",
                                  "type" : "object",
                                  "properties" : {
                                    "compression" : {
                                      "title" : "Controls compression for the TRAP files written by the extractor.",
                                      "description" : "This option is only intended for use in debugging the extractor. Accepted values are 'brotli' (the default, to write brotli-compressed TRAP), 'gzip', and 'none' (to write uncompressed TRAP).\n",
                                      "type" : "string",
                                      "pattern" : "^(none|gzip|brotli)$"
                                    }
                                  }
                                },
                                "buildless" : {
                                  "title" : "DEPRECATED - Whether to use buildless (standalone) extraction.",
                                  "description" : "DEPRECATED: Use `--build-mode none` instead.\nA value indicating, which type of extraction the autobuilder should perform. If 'true', then the standalone extractor will be used, otherwise tracing extraction will be performed. The default is 'false'. Note that buildless extraction will generally yield less accurate analysis results, and should only be used in cases where it is not possible to build the code (for example if it uses inaccessible dependencies).\n",
                                  "type" : "string",
                                  "pattern" : "^(false|true)$"
                                },
                                "logging" : {
                                  "title" : "Options pertaining to logging.",
                                  "description" : "Options pertaining to logging.",
                                  "type" : "object",
                                  "properties" : {
                                    "verbosity" : {
                                      "title" : "Extractor logging verbosity level.",
                                      "description" : "Controls the level of verbosity of the extractor. The supported levels are (in order of increasing verbosity):\n  - off\n  - errors\n  - warnings\n  - info or progress\n  - debug or progress+\n  - trace or progress++\n  - progress+++\n",
                                      "type" : "string",
                                      "pattern" : "^(off|errors|warnings|(info|progress)|(debug|progress\\+)|(trace|progress\\+\\+)|progress\\+\\+\\+)$"
                                    }
                                  }
                                },
                                "binlog" : {
                                  "title" : "Binlog",
                                  "description" : "[EXPERIMENTAL] The value is a path to the MsBuild binary log file that should be extracted. This option only works when `--build-mode none` is also specified.\n",
                                  "type" : "array"
                                }
                              }
                            }
                          ],
                          "csv" : [
                            {
                              "extractor_root" : "C:\\Program Files\\codeql\\csv"
                            }
                          ],
                          "go" : [
                            {
                              "extractor_root" : "C:\\Program Files\\codeql\\go",
                              "extractor_options" : {
                                "extract_tests" : {
                                  "title" : "Whether to include Go test files in the CodeQL database.",
                                  "description" : "A value indicating whether Go test files should be included in the CodeQL database. The default is 'false'.\n",
                                  "type" : "string",
                                  "pattern" : "^(false|true)$"
                                },
                                "extract_vendor_dirs" : {
                                  "title" : "Whether to include Go vendor directories in the CodeQL database.",
                                  "description" : "A value indicating whether Go vendor directories should be included in the CodeQL database. The default is 'false'.\n",
                                  "type" : "string",
                                  "pattern" : "^(false|true)$"
                                }
                              }
                            }
                          ],
                          "html" : [
                            {
                              "extractor_root" : "C:\\Program Files\\codeql\\html"
                            }
                          ],
                          "java" : [
                            {
                              "extractor_root" : "C:\\Program Files\\codeql\\java",
                              "extractor_options" : {
                                "exclude" : {
                                  "title" : "A glob excluding files from analysis.",
                                  "description" : "A glob indicating what files to exclude from the analysis. This accepts glob patterns that are supported by Java's 'getPathMatcher' implementation.\n",
                                  "type" : "string"
                                },
                                "add_prefer_source" : {
                                  "title" : "Whether to always prefer source files over class files.",
                                  "description" : "A value indicating whether source files should be preferred over class files. If set to 'true', the extraction adds '-Xprefer:source' to the javac command line. If set to 'false', the extraction uses the default javac behavior ('-Xprefer:newer'). The default is 'true'.\n",
                                  "type" : "string",
                                  "pattern" : "^(false|true)$"
                                },
                                "buildless" : {
                                  "title" : "Whether to use buildless (standalone) extraction (experimental).",
                                  "description" : "A value indicating, which type of extraction the autobuilder should perform. If 'true', then the standalone extractor will be used, otherwise tracing extraction will be performed. The default is 'false'. Note that buildless extraction will generally yield less accurate analysis results, and should only be used in cases where it is not possible to build the code (for example if it uses inaccessible dependencies).\n",
                                  "type" : "string",
                                  "pattern" : "^(false|true)$"
                                },
                                "buildless_dependency_dir" : {
                                  "title" : "The path where buildless (standalone) extraction should keep dependencies.",
                                  "description" : "If set, the buildless (standalone) extractor will store dependencies in this directory.\n",
                                  "type" : "string"
                                },
                                "minimize_dependency_jars" : {
                                  "title" : "Whether to rewrite and minimize downloaded JAR dependencies (experimental).",
                                  "description" : "If 'true', JAR dependencies downloaded during extraction will be rewritten to remove unneeded data, such as method bodies. The default is 'false'.\n",
                                  "type" : "string",
                                  "pattern" : "^(false|true)$"
                                }
                              }
                            }
                          ],
                          "javascript" : [
                            {
                              "extractor_root" : "C:\\Program Files\\codeql\\javascript",
                              "extractor_options" : {
                                "skip_types" : {
                                  "title" : "Skip type extraction for TypeScript",
                                  "description" : "Whether to skip the extraction of types in a TypeScript application",
                                  "type" : "string",
                                  "pattern" : "^(false|true)$"
                                }
                              }
                            }
                          ],
                          "properties" : [
                            {
                              "extractor_root" : "C:\\Program Files\\codeql\\properties"
                            }
                          ],
                          "python" : [
                            {
                              "extractor_root" : "C:\\Program Files\\codeql\\python",
                              "extractor_options" : {
                                "logging" : {
                                  "title" : "Options pertaining to logging.",
                                  "description" : "Options pertaining to logging.",
                                  "type" : "object",
                                  "properties" : {
                                    "verbosity" : {
                                      "title" : "Python extractor logging verbosity level.",
                                      "description" : "Controls the level of verbosity of the CodeQL Python extractor.\nThe supported levels are (in order of increasing verbosity):\n\n  - off\n  - errors\n  - warnings\n  - info or progress\n  - debug or progress+\n  - trace or progress++\n  - progress+++\n",
                                      "type" : "string",
                                      "pattern" : "^(off|errors|warnings|(info|progress)|(debug|progress\\+)|(trace|progress\\+\\+)|progress\\+\\+\\+)$"
                                    }
                                  }
                                },
                                "python_executable_name" : {
                                  "title" : "Controls the name of the Python executable used by the Python extractor.",
                                  "description" : "The Python extractor uses platform-dependent heuristics to determine the name of the Python executable to use. Specifying a value for this option overrides the name of the Python executable used by the extractor. Accepted values are py, python and python3. Use this setting with caution, the Python extractor requires Python 3 to run.\n",
                                  "type" : "string",
                                  "pattern" : "^(py|python|python3)$"
                                }
                              }
                            }
                          ],
                          "ruby" : [
                            {
                              "extractor_root" : "C:\\Program Files\\codeql\\ruby",
                              "extractor_options" : {
                                "trap" : {
                                  "title" : "Options pertaining to TRAP.",
                                  "description" : "Options pertaining to TRAP.",
                                  "type" : "object",
                                  "properties" : {
                                    "compression" : {
                                      "title" : "Controls compression for the TRAP files written by the extractor.",
                                      "description" : "This option is only intended for use in debugging the extractor. Accepted values are 'gzip' (the default, to write gzip-compressed TRAP) and 'none' (to write uncompressed TRAP).\n",
                                      "type" : "string",
                                      "pattern" : "^(none|gzip)$"
                                    }
                                  }
                                }
                              }
                            }
                          ],
                          "swift" : [
                            {
                              "extractor_root" : "C:\\Program Files\\codeql\\swift"
                            }
                          ],
                          "xml" : [
                            {
                              "extractor_root" : "C:\\Program Files\\codeql\\xml"
                            }
                          ],
                          "yaml" : [
                            {
                              "extractor_root" : "C:\\Program Files\\codeql\\yaml"
                            }
                          ]
                        }
                      }
[2025-06-11 21:44:39] [PROGRESS] database init> Calculating baseline information in D:\ITTP\Semester 6\PRAKTIKUM KONSTRUKSI PERANGKAT LUNAK SE-06-01 [YIS]\VS Praktikum\Tubes_Kelompok_BisaYukk_Final
[2025-06-11 21:44:39] [SPAMMY] database init> Ignoring the following directories when processing baseline information: .git, .hg, .svn.
[2025-06-11 21:44:39] [DETAILS] database init> Running command in D:\ITTP\Semester 6\PRAKTIKUM KONSTRUKSI PERANGKAT LUNAK SE-06-01 [YIS]\VS Praktikum\Tubes_Kelompok_BisaYukk_Final: C:\Program Files\codeql\tools\win64\scc.exe --by-file --exclude-dir .git,.hg,.svn --format json --no-large --no-min .
[2025-06-11 21:44:39] [SPAMMY] database init> Found 42 baseline files for csharp.
[2025-06-11 21:44:39] [PROGRESS] database init> Calculated baseline information for languages: csharp (184ms).
[2025-06-11 21:44:39] [PROGRESS] database init> Resolving extractor csharp.
[2025-06-11 21:44:39] [DETAILS] database init> Found candidate extractor root for csharp: C:\Program Files\codeql\csharp.
[2025-06-11 21:44:39] [PROGRESS] database init> Successfully loaded extractor C# (csharp) from C:\Program Files\codeql\csharp.
[2025-06-11 21:44:39] [PROGRESS] database init> Created skeleton CodeQL database at D:\ITTP\Semester 6\PRAKTIKUM KONSTRUKSI PERANGKAT LUNAK SE-06-01 [YIS]\CodeQl\csharp-db-v2. This in-progress database is ready to be populated by an extractor.
[2025-06-11 21:44:39] Plumbing command codeql database init completed.
[2025-06-11 21:44:39] [PROGRESS] database create> Running build command: [dotnet, build]
[2025-06-11 21:44:39] Running plumbing command: codeql database trace-command --working-dir=D:\ITTP\Semester 6\PRAKTIKUM KONSTRUKSI PERANGKAT LUNAK SE-06-01 [YIS]\VS Praktikum\Tubes_Kelompok_BisaYukk_Final --index-traceless-dbs --no-db-cluster -- D:\ITTP\Semester 6\PRAKTIKUM KONSTRUKSI PERANGKAT LUNAK SE-06-01 [YIS]\CodeQl\csharp-db-v2 dotnet build
[2025-06-11 21:44:39] [PROGRESS] database trace-command> Running command in D:\ITTP\Semester 6\PRAKTIKUM KONSTRUKSI PERANGKAT LUNAK SE-06-01 [YIS]\VS Praktikum\Tubes_Kelompok_BisaYukk_Final: [dotnet, build]
[2025-06-11 21:44:41] [build-stdout]   Determining projects to restore...
[2025-06-11 21:44:41] [build-stdout]   All projects are up-to-date for restore.
[2025-06-11 21:44:42] [build-stdout]   Tubes_Kelompok_BisaYukk_Final -> D:\ITTP\Semester 6\PRAKTIKUM KONSTRUKSI PERANGKAT LUNAK SE-06-01 [YIS]\VS Praktikum\Tubes_Kelompok_BisaYukk_Final\Tubes_Kelompok_BisaYukk_Final\bin\Debug\net8.0\Tubes_Kelompok_BisaYukk_Final.dll
[2025-06-11 21:44:42] [build-stdout]   Tubes_Kelompok_BisaYukk_Benchmark -> D:\ITTP\Semester 6\PRAKTIKUM KONSTRUKSI PERANGKAT LUNAK SE-06-01 [YIS]\VS Praktikum\Tubes_Kelompok_BisaYukk_Final\Tubes_Kelompok_BisaYukk_Benchmark\bin\Debug\net8.0\Tubes_Kelompok_BisaYukk_Benchmark.dll
[2025-06-11 21:44:42] [build-stdout]   Tubes_Kelompok_BisaYukk.Tests -> D:\ITTP\Semester 6\PRAKTIKUM KONSTRUKSI PERANGKAT LUNAK SE-06-01 [YIS]\VS Praktikum\Tubes_Kelompok_BisaYukk_Final\Tubes_Kelompok_BisaYukk.Tests\bin\Debug\net8.0\Tubes_Kelompok_BisaYukk.Tests.dll
[2025-06-11 21:44:42] [build-stdout] Build succeeded.
[2025-06-11 21:44:42] [build-stdout]     0 Warning(s)
[2025-06-11 21:44:42] [build-stdout]     0 Error(s)
[2025-06-11 21:44:42] [build-stdout] Time Elapsed 00:00:01.88
[2025-06-11 21:44:43] Plumbing command codeql database trace-command completed.
[2025-06-11 21:44:43] [PROGRESS] database create> Finalizing database at D:\ITTP\Semester 6\PRAKTIKUM KONSTRUKSI PERANGKAT LUNAK SE-06-01 [YIS]\CodeQl\csharp-db-v2.
[2025-06-11 21:44:43] Running plumbing command: codeql database finalize --no-db-cluster -- D:\ITTP\Semester 6\PRAKTIKUM KONSTRUKSI PERANGKAT LUNAK SE-06-01 [YIS]\CodeQl\csharp-db-v2
[2025-06-11 21:44:43] Calling plumbing command: codeql resolve languages --format=json
[2025-06-11 21:44:43] [DETAILS] resolve languages> Scanning for [codeql-extractor.yml] from C:\Program Files\codeql\.codeqlmanifest.json
[2025-06-11 21:44:43] [DETAILS] resolve languages> Parsing C:\Program Files\codeql\actions\codeql-extractor.yml.
[2025-06-11 21:44:43] [DETAILS] resolve languages> Parsing C:\Program Files\codeql\cpp\codeql-extractor.yml.
[2025-06-11 21:44:43] [DETAILS] resolve languages> Parsing C:\Program Files\codeql\csharp\codeql-extractor.yml.
[2025-06-11 21:44:43] [DETAILS] resolve languages> Parsing C:\Program Files\codeql\csv\codeql-extractor.yml.
[2025-06-11 21:44:43] [DETAILS] resolve languages> Parsing C:\Program Files\codeql\go\codeql-extractor.yml.
[2025-06-11 21:44:43] [DETAILS] resolve languages> Parsing C:\Program Files\codeql\html\codeql-extractor.yml.
[2025-06-11 21:44:43] [DETAILS] resolve languages> Parsing C:\Program Files\codeql\java\codeql-extractor.yml.
[2025-06-11 21:44:43] [DETAILS] resolve languages> Parsing C:\Program Files\codeql\javascript\codeql-extractor.yml.
[2025-06-11 21:44:43] [DETAILS] resolve languages> Parsing C:\Program Files\codeql\properties\codeql-extractor.yml.
[2025-06-11 21:44:43] [DETAILS] resolve languages> Parsing C:\Program Files\codeql\python\codeql-extractor.yml.
[2025-06-11 21:44:43] [DETAILS] resolve languages> Parsing C:\Program Files\codeql\ruby\codeql-extractor.yml.
[2025-06-11 21:44:43] [DETAILS] resolve languages> Parsing C:\Program Files\codeql\swift\codeql-extractor.yml.
[2025-06-11 21:44:43] [DETAILS] resolve languages> Parsing C:\Program Files\codeql\xml\codeql-extractor.yml.
[2025-06-11 21:44:43] [DETAILS] resolve languages> Parsing C:\Program Files\codeql\yaml\codeql-extractor.yml.
[2025-06-11 21:44:43] Plumbing command codeql resolve languages completed:
                      {
                        "aliases" : {
                          "c" : "cpp",
                          "c++" : "cpp",
                          "c-c++" : "cpp",
                          "c-cpp" : "cpp",
                          "c#" : "csharp",
                          "java-kotlin" : "java",
                          "kotlin" : "java",
                          "javascript-typescript" : "javascript",
                          "typescript" : "javascript"
                        },
                        "extractors" : {
                          "actions" : [
                            {
                              "extractor_root" : "C:\\Program Files\\codeql\\actions",
                              "extractor_options" : { }
                            }
                          ],
                          "cpp" : [
                            {
                              "extractor_root" : "C:\\Program Files\\codeql\\cpp",
                              "extractor_options" : {
                                "scale_timeouts" : {
                                  "title" : "Value to scale compiler introspection timeouts with",
                                  "description" : "The extractor attempts to determine what compiler the source code being extracted is compiled with. To this end the extractor makes additional calls to the compiler, some of which are expected to return within a certain fixed time (either 10s or 15s). On some systems that are under high load this time might be too short, and can be scaled up using this option.\n",
                                  "type" : "string",
                                  "pattern" : "[0-9]+"
                                },
                                "log_verbosity" : {
                                  "title" : "Verbosity of the extractor logging",
                                  "description" : "Set the verbosity of the extractor logging to 'quiet' (0), 'normal' (1), 'chatty' (2), or 'noisy' (3). The default is 'normal'.\n",
                                  "type" : "string",
                                  "pattern" : "[0-3]"
                                }
                              }
                            }
                          ],
                          "csharp" : [
                            {
                              "extractor_root" : "C:\\Program Files\\codeql\\csharp",
                              "extractor_options" : {
                                "trap" : {
                                  "title" : "Options pertaining to TRAP.",
                                  "description" : "Options pertaining to TRAP.",
                                  "type" : "object",
                                  "properties" : {
                                    "compression" : {
                                      "title" : "Controls compression for the TRAP files written by the extractor.",
                                      "description" : "This option is only intended for use in debugging the extractor. Accepted values are 'brotli' (the default, to write brotli-compressed TRAP), 'gzip', and 'none' (to write uncompressed TRAP).\n",
                                      "type" : "string",
                                      "pattern" : "^(none|gzip|brotli)$"
                                    }
                                  }
                                },
                                "buildless" : {
                                  "title" : "DEPRECATED - Whether to use buildless (standalone) extraction.",
                                  "description" : "DEPRECATED: Use `--build-mode none` instead.\nA value indicating, which type of extraction the autobuilder should perform. If 'true', then the standalone extractor will be used, otherwise tracing extraction will be performed. The default is 'false'. Note that buildless extraction will generally yield less accurate analysis results, and should only be used in cases where it is not possible to build the code (for example if it uses inaccessible dependencies).\n",
                                  "type" : "string",
                                  "pattern" : "^(false|true)$"
                                },
                                "logging" : {
                                  "title" : "Options pertaining to logging.",
                                  "description" : "Options pertaining to logging.",
                                  "type" : "object",
                                  "properties" : {
                                    "verbosity" : {
                                      "title" : "Extractor logging verbosity level.",
                                      "description" : "Controls the level of verbosity of the extractor. The supported levels are (in order of increasing verbosity):\n  - off\n  - errors\n  - warnings\n  - info or progress\n  - debug or progress+\n  - trace or progress++\n  - progress+++\n",
                                      "type" : "string",
                                      "pattern" : "^(off|errors|warnings|(info|progress)|(debug|progress\\+)|(trace|progress\\+\\+)|progress\\+\\+\\+)$"
                                    }
                                  }
                                },
                                "binlog" : {
                                  "title" : "Binlog",
                                  "description" : "[EXPERIMENTAL] The value is a path to the MsBuild binary log file that should be extracted. This option only works when `--build-mode none` is also specified.\n",
                                  "type" : "array"
                                }
                              }
                            }
                          ],
                          "csv" : [
                            {
                              "extractor_root" : "C:\\Program Files\\codeql\\csv"
                            }
                          ],
                          "go" : [
                            {
                              "extractor_root" : "C:\\Program Files\\codeql\\go",
                              "extractor_options" : {
                                "extract_tests" : {
                                  "title" : "Whether to include Go test files in the CodeQL database.",
                                  "description" : "A value indicating whether Go test files should be included in the CodeQL database. The default is 'false'.\n",
                                  "type" : "string",
                                  "pattern" : "^(false|true)$"
                                },
                                "extract_vendor_dirs" : {
                                  "title" : "Whether to include Go vendor directories in the CodeQL database.",
                                  "description" : "A value indicating whether Go vendor directories should be included in the CodeQL database. The default is 'false'.\n",
                                  "type" : "string",
                                  "pattern" : "^(false|true)$"
                                }
                              }
                            }
                          ],
                          "html" : [
                            {
                              "extractor_root" : "C:\\Program Files\\codeql\\html"
                            }
                          ],
                          "java" : [
                            {
                              "extractor_root" : "C:\\Program Files\\codeql\\java",
                              "extractor_options" : {
                                "exclude" : {
                                  "title" : "A glob excluding files from analysis.",
                                  "description" : "A glob indicating what files to exclude from the analysis. This accepts glob patterns that are supported by Java's 'getPathMatcher' implementation.\n",
                                  "type" : "string"
                                },
                                "add_prefer_source" : {
                                  "title" : "Whether to always prefer source files over class files.",
                                  "description" : "A value indicating whether source files should be preferred over class files. If set to 'true', the extraction adds '-Xprefer:source' to the javac command line. If set to 'false', the extraction uses the default javac behavior ('-Xprefer:newer'). The default is 'true'.\n",
                                  "type" : "string",
                                  "pattern" : "^(false|true)$"
                                },
                                "buildless" : {
                                  "title" : "Whether to use buildless (standalone) extraction (experimental).",
                                  "description" : "A value indicating, which type of extraction the autobuilder should perform. If 'true', then the standalone extractor will be used, otherwise tracing extraction will be performed. The default is 'false'. Note that buildless extraction will generally yield less accurate analysis results, and should only be used in cases where it is not possible to build the code (for example if it uses inaccessible dependencies).\n",
                                  "type" : "string",
                                  "pattern" : "^(false|true)$"
                                },
                                "buildless_dependency_dir" : {
                                  "title" : "The path where buildless (standalone) extraction should keep dependencies.",
                                  "description" : "If set, the buildless (standalone) extractor will store dependencies in this directory.\n",
                                  "type" : "string"
                                },
                                "minimize_dependency_jars" : {
                                  "title" : "Whether to rewrite and minimize downloaded JAR dependencies (experimental).",
                                  "description" : "If 'true', JAR dependencies downloaded during extraction will be rewritten to remove unneeded data, such as method bodies. The default is 'false'.\n",
                                  "type" : "string",
                                  "pattern" : "^(false|true)$"
                                }
                              }
                            }
                          ],
                          "javascript" : [
                            {
                              "extractor_root" : "C:\\Program Files\\codeql\\javascript",
                              "extractor_options" : {
                                "skip_types" : {
                                  "title" : "Skip type extraction for TypeScript",
                                  "description" : "Whether to skip the extraction of types in a TypeScript application",
                                  "type" : "string",
                                  "pattern" : "^(false|true)$"
                                }
                              }
                            }
                          ],
                          "properties" : [
                            {
                              "extractor_root" : "C:\\Program Files\\codeql\\properties"
                            }
                          ],
                          "python" : [
                            {
                              "extractor_root" : "C:\\Program Files\\codeql\\python",
                              "extractor_options" : {
                                "logging" : {
                                  "title" : "Options pertaining to logging.",
                                  "description" : "Options pertaining to logging.",
                                  "type" : "object",
                                  "properties" : {
                                    "verbosity" : {
                                      "title" : "Python extractor logging verbosity level.",
                                      "description" : "Controls the level of verbosity of the CodeQL Python extractor.\nThe supported levels are (in order of increasing verbosity):\n\n  - off\n  - errors\n  - warnings\n  - info or progress\n  - debug or progress+\n  - trace or progress++\n  - progress+++\n",
                                      "type" : "string",
                                      "pattern" : "^(off|errors|warnings|(info|progress)|(debug|progress\\+)|(trace|progress\\+\\+)|progress\\+\\+\\+)$"
                                    }
                                  }
                                },
                                "python_executable_name" : {
                                  "title" : "Controls the name of the Python executable used by the Python extractor.",
                                  "description" : "The Python extractor uses platform-dependent heuristics to determine the name of the Python executable to use. Specifying a value for this option overrides the name of the Python executable used by the extractor. Accepted values are py, python and python3. Use this setting with caution, the Python extractor requires Python 3 to run.\n",
                                  "type" : "string",
                                  "pattern" : "^(py|python|python3)$"
                                }
                              }
                            }
                          ],
                          "ruby" : [
                            {
                              "extractor_root" : "C:\\Program Files\\codeql\\ruby",
                              "extractor_options" : {
                                "trap" : {
                                  "title" : "Options pertaining to TRAP.",
                                  "description" : "Options pertaining to TRAP.",
                                  "type" : "object",
                                  "properties" : {
                                    "compression" : {
                                      "title" : "Controls compression for the TRAP files written by the extractor.",
                                      "description" : "This option is only intended for use in debugging the extractor. Accepted values are 'gzip' (the default, to write gzip-compressed TRAP) and 'none' (to write uncompressed TRAP).\n",
                                      "type" : "string",
                                      "pattern" : "^(none|gzip)$"
                                    }
                                  }
                                }
                              }
                            }
                          ],
                          "swift" : [
                            {
                              "extractor_root" : "C:\\Program Files\\codeql\\swift"
                            }
                          ],
                          "xml" : [
                            {
                              "extractor_root" : "C:\\Program Files\\codeql\\xml"
                            }
                          ],
                          "yaml" : [
                            {
                              "extractor_root" : "C:\\Program Files\\codeql\\yaml"
                            }
                          ]
                        }
                      }
[2025-06-11 21:44:43] [SPAMMIER] database finalize> Loaded the following extractors: GitHub Actions, C/C++, C#, CSV, Go, HTML, Java/Kotlin, JavaScript/TypeScript, Java Properties Files, Python, Ruby, Swift, XML, YAML
[2025-06-11 21:44:43] [ERROR] database finalize> CodeQL detected code written in C# but could not process any of it. For more information, review our troubleshooting guide at https://gh.io/troubleshooting-code-scanning/no-source-code-seen-during-build.
[2025-06-11 21:44:43] Plumbing command codeql database finalize completed with status 32.
[2025-06-11 21:44:43] Exiting with code 32
